verification result:

C:/Spin/spin.exe -a  factorial.pml
gcc -DMEMLIM=1024 -O2 -DXUSAFE -DSAFETY -DNOCLAIM -w -o pan pan.c
./pan -m10000 
Pid: 11616

(Spin Version 6.5.0 -- 1 July 2019)
	+ Partial Order Reduction

Full statespace search for:
	never claim         	- (not selected)
	assertion violations	+
	cycle checks       	- (disabled by -DSAFETY)
	invalid end states	+

State-vector 288 byte, depth reached 43, errors: 0
       44 states, stored
        0 states, matched
       44 transitions (= stored+matched)
        0 atomic steps
hash conflicts:         0 (resolved)

Stats on memory usage (in Megabytes):
    0.013	equivalent memory usage for states (stored*(State-vector + overhead))
    0.290	actual memory usage for states
  128.000	memory used for hash table (-w24)
    0.534	memory used for DFS stack (-m10000)
  128.730	total actual memory usage


unreached in proctype factorial
	(0 of 14 states)
unreached in init
	(0 of 4 states)

pan: elapsed time 0 seconds
No errors found -- did you verify all claims?


